<?xml version="1.0" encoding="UTF-8"?>
<testng-results ignored="0" total="1" passed="1" failed="0" skipped="0">
  <reporter-output>
  </reporter-output>
  <suite started-at="2026-05-12T22:14:08 IST" name="Surefire suite" finished-at="2026-05-12T22:14:19 IST" duration-ms="11218">
    <groups>
    </groups>
    <test started-at="2026-05-12T22:14:08 IST" name="Surefire test" finished-at="2026-05-12T22:14:19 IST" duration-ms="11218">
      <class name="org.test.Webpage.WebpageTest">
        <test-method is-config="true" signature="openBrowser()[pri:0, instance:org.test.Webpage.WebpageTest@47d90b9e]" started-at="2026-05-12T22:14:08 IST" name="openBrowser" finished-at="2026-05-12T22:14:14 IST" duration-ms="5818" status="PASS">
          <reporter-output>
          </reporter-output>
        </test-method> <!-- openBrowser -->
        <test-method signature="titleValidationTest()[pri:0, instance:org.test.Webpage.WebpageTest@47d90b9e]" started-at="2026-05-12T22:14:14 IST" name="titleValidationTest" finished-at="2026-05-12T22:14:14 IST" duration-ms="23" status="PASS">
          <reporter-output>
          </reporter-output>
        </test-method> <!-- titleValidationTest -->
        <test-method is-config="true" signature="closeBrowser()[pri:0, instance:org.test.Webpage.WebpageTest@47d90b9e]" started-at="2026-05-12T22:14:14 IST" name="closeBrowser" finished-at="2026-05-12T22:14:19 IST" duration-ms="5303" status="PASS">
          <reporter-output>
          </reporter-output>
        </test-method> <!-- closeBrowser -->
      </class> <!-- org.test.Webpage.WebpageTest -->
    </test> <!-- Surefire test -->
  </suite> <!-- Surefire suite -->
</testng-results>
